#
# A fatal error has been detected by the Java Runtime Environment:
#
#  EXCEPTION_ACCESS_VIOLATION (0xc0000005) at pc=0x00007ff94357d702, pid=10704, tid=27404
#
# JRE version: Java(TM) SE Runtime Environment (21.0.5+9) (build 21.0.5+9-LTS-239)
# Java VM: Java HotSpot(TM) 64-Bit Server VM (21.0.5+9-LTS-239, mixed mode, sharing, tiered, compressed oops, compressed class ptrs, g1 gc, windows-amd64)
# Problematic frame:
# V  [jvm.dll+0x43d702]
#
# No core dump will be written. Minidumps are not enabled by default on client versions of Windows
#
# If you would like to submit a bug report, please visit:
#   https://bugreport.java.com/bugreport/crash.jsp
#

---------------  S U M M A R Y ------------

Command Line: ChatApp_DiaLog.jar

Host: 11th Gen Intel(R) Core(TM) i5-11400H @ 2.70GHz, 12 cores, 15G,  Windows 11 , 64 bit Build 26100 (10.0.26100.2454)
Time: Sun Dec 22 14:39:04 2024 SE Asia Standard Time elapsed time: 126.427686 seconds (0d 0h 2m 6s)

---------------  T H R E A D  ---------------

Current thread (0x000001c1787f2710):  JavaThread "JavaFX Application Thread"        [_thread_in_vm, id=27404, stack(0x0000001cd8f00000,0x0000001cd9000000) (1024K)]

Stack: [0x0000001cd8f00000,0x0000001cd9000000],  sp=0x0000001cd8ffe940,  free space=1018k
Native frames: (J=compiled Java code, j=interpreted, Vv=VM code, C=native code)
V  [jvm.dll+0x43d702]
C  [glass.dll+0x26bc]

Java frames: (J=compiled Java code, j=interpreted, Vv=VM code)
j  com.sun.glass.ui.win.WinApplication._runLoop(Ljava/lang/Runnable;)V+0
j  com.sun.glass.ui.win.WinApplication.lambda$runLoop$3(ILjava/lang/Runnable;)V+8
j  com.sun.glass.ui.win.WinApplication$$Lambda+0x000001c101030218.run()V+12
j  java.lang.Thread.runWith(Ljava/lang/Object;Ljava/lang/Runnable;)V+5 java.base@21.0.5
j  java.lang.Thread.run()V+19 java.base@21.0.5
v  ~StubRoutines::call_stub 0x000001c1641c10e7

siginfo: EXCEPTION_ACCESS_VIOLATION (0xc0000005), reading address 0x0000000000000000


Registers:
RAX=0x0000000000000000, RBX=0x000001c1787f2710, RCX=0x000001c1787f2ac8, RDX=0x0000000000000000
RSP=0x0000001cd8ffe940, RBP=0x0000001cd8ffea48, RSI=0x0000000000000000, RDI=0x0000000000000000
R8 =0x0000000000000000, R9 =0x0000001cd8ffea48, R10=0x000001c178781b20, R11=0x0000001cd8ffe980
R12=0x0000000000000001, R13=0x000001c1787f2ac8, R14=0x000001c1787f2ac8, R15=0x00000000000000d4
RIP=0x00007ff94357d702, EFLAGS=0x0000000000010246


Register to memory mapping:

RAX=0x0 is null
RBX=0x000001c1787f2710 is a thread
RCX=0x000001c1787f2ac8 points into unknown readable memory: 0x00007ff943cfd610 | 10 d6 cf 43 f9 7f 00 00
RDX=0x0 is null
RSP=0x0000001cd8ffe940 is pointing into the stack for thread: 0x000001c1787f2710
RBP=0x0000001cd8ffea48 is pointing into the stack for thread: 0x000001c1787f2710
RSI=0x0 is null
RDI=0x0 is null
R8 =0x0 is null
R9 =0x0000001cd8ffea48 is pointing into the stack for thread: 0x000001c1787f2710
R10=0x000001c178781b20 points into unknown readable memory: 0x0000004000000003 | 03 00 00 00 40 00 00 00
R11=0x0000001cd8ffe980 is pointing into the stack for thread: 0x000001c1787f2710
R12=0x0000000000000001 is an unknown value
R13=0x000001c1787f2ac8 points into unknown readable memory: 0x00007ff943cfd610 | 10 d6 cf 43 f9 7f 00 00
R14=0x000001c1787f2ac8 points into unknown readable memory: 0x00007ff943cfd610 | 10 d6 cf 43 f9 7f 00 00
R15=0x00000000000000d4 is an unknown value

Top of Stack: (sp=0x0000001cd8ffe940)
0x0000001cd8ffe940:   0000000000000000 0000000000000000
0x0000001cd8ffe950:   00007ff943b2add0 000001c100486a80
0x0000001cd8ffe960:   000001c10000000e 000000000000019d
0x0000001cd8ffe970:   0000001cd8ffe820 0000000000000000
0x0000001cd8ffe980:   000001c1787fbb98 00007ff94358ab7e
0x0000001cd8ffe990:   000001c1787f2710 0000000000000000
0x0000001cd8ffe9a0:   000001c1787fbba0 000001c1787fbb98
0x0000001cd8ffe9b0:   000001c1787fbb98 00007ff9904cf5ef
0x0000001cd8ffe9c0:   0000000000000000 00007ff9904c20eb
0x0000001cd8ffe9d0:   000001c1787f2ac8 0000000000000000
0x0000001cd8ffe9e0:   000001c178781cb4 0000000000000001
0x0000001cd8ffe9f0:   0000000000000000 00007ff9904b26bc
0x0000001cd8ffea00:   000001c1787f2ac8 0000001cd8ffeb90
0x0000001cd8ffea10:   0000000000000000 000001c173814b02
0x0000001cd8ffea20:   0000000000000000 00007ff9904c52e6
0x0000001cd8ffea30:   000001c1787f2ac8 0000000000000000
0x0000001cd8ffea40:   0000000000000000 0000000000000004
0x0000001cd8ffea50:   000001c1787f2ac8 0000000000000000
0x0000001cd8ffea60:   000001c17ea724e8 00000000000000dd
0x0000001cd8ffea70:   000000000045086a 0000000000000000
0x0000001cd8ffea80:   00000000000000dd 00007ff9904d0cfa
0x0000001cd8ffea90:   00000000000000d4 0000001cd8ffeb90
0x0000001cd8ffeaa0:   000001c17ea724e8 0000000000000000
0x0000001cd8ffeab0:   000001c17ea724c0 0000000000000084
0x0000001cd8ffeac0:   0000000000000000 0000000000000000
0x0000001cd8ffead0:   0000000000000000 0000000000000000
0x0000001cd8ffeae0:   0000000000000000 0000000000000000
0x0000001cd8ffeaf0:   0000000000000000 0000000000000000
0x0000001cd8ffeb00:   0000000000000000 0000000000000000
0x0000001cd8ffeb10:   0000013a000001e0 0000002000000201
0x0000001cd8ffeb20:   000001b400000384 0000000000000000
0x0000001cd8ffeb30:   0000000000000000 0000000000000000 

Instructions: (pc=0x00007ff94357d702)
0x00007ff94357d602:   4f 18 48 89 4a 18 48 8b 4f 20 48 8b 57 08 48 89
0x00007ff94357d612:   4a 20 48 8d 8b 98 03 00 00 e8 30 62 ed ff 4c 8d
0x00007ff94357d622:   9c 24 a0 00 00 00 90 49 8b 6b 28 0f b7 c6 49 8b
0x00007ff94357d632:   73 30 c7 83 44 04 00 00 04 00 00 00 49 8b 5b 20
0x00007ff94357d642:   49 8b e3 41 5e 41 5c 5f c3 cc cc cc cc cc 48 89
0x00007ff94357d652:   5c 24 08 48 89 6c 24 10 48 89 74 24 18 57 41 54
0x00007ff94357d662:   41 56 48 81 ec a0 00 00 00 8b 81 b0 00 00 00 48
0x00007ff94357d672:   8d 99 48 fc ff ff 05 53 21 ff ff 49 8b e9 49 8b
0x00007ff94357d682:   f0 48 8b fa 4c 8b f1 83 f8 01 77 08 48 8b cb e8
0x00007ff94357d692:   aa d5 fa ff 80 3d 8c 60 7e 00 00 c7 83 44 04 00
0x00007ff94357d6a2:   00 06 00 00 00 75 06 e8 b2 da 27 00 90 48 8b 83
0x00007ff94357d6b2:   48 04 00 00 a8 01 74 0d 45 33 c0 b2 01 48 8b cb
0x00007ff94357d6c2:   e8 d9 d8 2e 00 8b 83 40 04 00 00 a8 0c 74 08 48
0x00007ff94357d6d2:   8b cb e8 17 ea fa ff c7 83 44 04 00 00 06 00 00
0x00007ff94357d6e2:   00 48 83 7b 08 00 48 89 5c 24 50 48 c7 44 24 58
0x00007ff94357d6f2:   00 00 00 00 74 0a 48 8d 4c 24 50 e8 1e 99 2b 00
0x00007ff94357d702:   48 8b 16 48 8d 4c 24 70 c7 44 24 40 0c 00 00 00
0x00007ff94357d712:   e8 79 20 01 00 48 8b c7 48 89 ac 24 98 00 00 00
0x00007ff94357d722:   83 e0 03 4c 8d 25 a4 d6 5a 00 4c 89 64 24 70 48
0x00007ff94357d732:   83 f8 01 75 0c 48 8d 4f ff ff 15 5f d2 77 00 eb
0x00007ff94357d742:   15 48 83 f8 02 75 0c 48 8d 4f fe ff 15 cd 48 77
0x00007ff94357d752:   00 eb 03 48 8b 07 8b 15 12 6e 7e 00 48 8b c8 e8
0x00007ff94357d762:   3a 7c 27 00 48 8b d3 48 8b c8 4c 8b 00 41 ff 90
0x00007ff94357d772:   b0 00 00 00 48 83 7b 08 00 75 35 48 8d 44 24 70
0x00007ff94357d782:   48 89 5c 24 30 48 89 44 24 28 48 8d 54 24 40 45
0x00007ff94357d792:   33 c9 48 89 74 24 20 45 33 c0 49 8b ce e8 5c 31
0x00007ff94357d7a2:   01 00 48 83 7b 08 00 75 07 48 8b 74 24 48 eb 02
0x00007ff94357d7b2:   33 f6 48 83 7c 24 58 00 4c 89 64 24 70 48 c7 84
0x00007ff94357d7c2:   24 98 00 00 00 00 00 00 00 74 0a 48 8d 4c 24 50
0x00007ff94357d7d2:   e8 c9 98 2b 00 48 8b bb 98 01 00 00 48 8b 47 10
0x00007ff94357d7e2:   48 83 38 00 74 08 48 8b cf e8 a0 03 f6 ff 48 8b
0x00007ff94357d7f2:   57 08 48 8b 4f 10 48 89 4a 10 48 8b 57 08 48 8b 


Stack slot to memory mapping:

stack at sp + 0 slots: 0x0 is null
stack at sp + 1 slots: 0x0 is null
stack at sp + 2 slots: 0x00007ff943b2add0 jvm.dll
stack at sp + 3 slots: 0x000001c100486a80 is pointing into metadata
stack at sp + 4 slots: 0x000001c10000000e is pointing into metadata
stack at sp + 5 slots: 0x000000000000019d is an unknown value
stack at sp + 6 slots: 0x0000001cd8ffe820 is pointing into the stack for thread: 0x000001c1787f2710
stack at sp + 7 slots: 0x0 is null


---------------  P R O C E S S  ---------------

Threads class SMR info:
_java_thread_list=0x000001c178a39af0, length=19, elements={
0x000001c15243cbf0, 0x000001c17381ed10, 0x000001c17381fa50, 0x000001c17382a000,
0x000001c17382ab40, 0x000001c17382d4e0, 0x000001c173838660, 0x000001c17383c370,
0x000001c17383ce00, 0x000001c178167180, 0x000001c1781677e0, 0x000001c1781d97d0,
0x000001c1786b01a0, 0x000001c1787f8230, 0x000001c1787f2710, 0x000001c178a70fa0,
0x000001c17e87d560, 0x000001c17e8b10b0, 0x000001c17eb39950
}

Java Threads: ( => current thread )
  0x000001c15243cbf0 JavaThread "main"                              [_thread_blocked, id=16172, stack(0x0000001cd7900000,0x0000001cd7a00000) (1024K)]
  0x000001c17381ed10 JavaThread "Reference Handler"          daemon [_thread_blocked, id=9828, stack(0x0000001cd8100000,0x0000001cd8200000) (1024K)]
  0x000001c17381fa50 JavaThread "Finalizer"                  daemon [_thread_blocked, id=17656, stack(0x0000001cd8200000,0x0000001cd8300000) (1024K)]
  0x000001c17382a000 JavaThread "Signal Dispatcher"          daemon [_thread_blocked, id=12404, stack(0x0000001cd8300000,0x0000001cd8400000) (1024K)]
  0x000001c17382ab40 JavaThread "Attach Listener"            daemon [_thread_blocked, id=4004, stack(0x0000001cd8400000,0x0000001cd8500000) (1024K)]
  0x000001c17382d4e0 JavaThread "Service Thread"             daemon [_thread_blocked, id=16000, stack(0x0000001cd8500000,0x0000001cd8600000) (1024K)]
  0x000001c173838660 JavaThread "Monitor Deflation Thread"   daemon [_thread_blocked, id=17864, stack(0x0000001cd8600000,0x0000001cd8700000) (1024K)]
  0x000001c17383c370 JavaThread "C2 CompilerThread0"         daemon [_thread_blocked, id=14904, stack(0x0000001cd8700000,0x0000001cd8800000) (1024K)]
  0x000001c17383ce00 JavaThread "C1 CompilerThread0"         daemon [_thread_blocked, id=10288, stack(0x0000001cd8800000,0x0000001cd8900000) (1024K)]
  0x000001c178167180 JavaThread "Notification Thread"        daemon [_thread_blocked, id=25332, stack(0x0000001cd8900000,0x0000001cd8a00000) (1024K)]
  0x000001c1781677e0 JavaThread "Common-Cleaner"             daemon [_thread_blocked, id=13764, stack(0x0000001cd8a00000,0x0000001cd8b00000) (1024K)]
  0x000001c1781d97d0 JavaThread "JavaFX-Launcher"                   [_thread_blocked, id=13252, stack(0x0000001cd8c00000,0x0000001cd8d00000) (1024K)]
  0x000001c1786b01a0 JavaThread "QuantumRenderer-0"          daemon [_thread_blocked, id=16552, stack(0x0000001cd8d00000,0x0000001cd8e00000) (1024K)]
  0x000001c1787f8230 JavaThread "InvokeLaterDispatcher"      daemon [_thread_blocked, id=14860, stack(0x0000001cd8e00000,0x0000001cd8f00000) (1024K)]
=>0x000001c1787f2710 JavaThread "JavaFX Application Thread"         [_thread_in_vm, id=27404, stack(0x0000001cd8f00000,0x0000001cd9000000) (1024K)]
  0x000001c178a70fa0 JavaThread "Thread-2"                   daemon [_thread_in_native, id=23692, stack(0x0000001cd9300000,0x0000001cd9400000) (1024K)]
  0x000001c17e87d560 JavaThread "PostgreSQL-JDBC-Cleaner"    daemon [_thread_blocked, id=24424, stack(0x0000001cd9f00000,0x0000001cda000000) (1024K)]
  0x000001c17e8b10b0 JavaThread "Prism Font Disposer"        daemon [_thread_blocked, id=4896, stack(0x0000001cda300000,0x0000001cda400000) (1024K)]
  0x000001c17eb39950 JavaThread "Cleaner-0"                  daemon [_thread_blocked, id=8716, stack(0x0000001cda400000,0x0000001cda500000) (1024K)]
Total: 19

Other Threads:
  0x000001c1738077f0 VMThread "VM Thread"                           [id=408, stack(0x0000001cd8000000,0x0000001cd8100000) (1024K)]
  0x000001c1737f2920 WatcherThread "VM Periodic Task Thread"        [id=26080, stack(0x0000001cd7f00000,0x0000001cd8000000) (1024K)]
  0x000001c15486da80 WorkerThread "GC Thread#0"                     [id=15708, stack(0x0000001cd7a00000,0x0000001cd7b00000) (1024K)]
  0x000001c178a3c3e0 WorkerThread "GC Thread#1"                     [id=22356, stack(0x0000001cd9400000,0x0000001cd9500000) (1024K)]
  0x000001c178a3c780 WorkerThread "GC Thread#2"                     [id=14376, stack(0x0000001cd9500000,0x0000001cd9600000) (1024K)]
  0x000001c178a851a0 WorkerThread "GC Thread#3"                     [id=12060, stack(0x0000001cd9600000,0x0000001cd9700000) (1024K)]
  0x000001c178a85540 WorkerThread "GC Thread#4"                     [id=25640, stack(0x0000001cd9700000,0x0000001cd9800000) (1024K)]
  0x000001c178a858e0 WorkerThread "GC Thread#5"                     [id=25868, stack(0x0000001cd9800000,0x0000001cd9900000) (1024K)]
  0x000001c178b1b550 WorkerThread "GC Thread#6"                     [id=23580, stack(0x0000001cd9900000,0x0000001cd9a00000) (1024K)]
  0x000001c178b44a20 WorkerThread "GC Thread#7"                     [id=14168, stack(0x0000001cd9a00000,0x0000001cd9b00000) (1024K)]
  0x000001c17e19f930 WorkerThread "GC Thread#8"                     [id=6140, stack(0x0000001cd9b00000,0x0000001cd9c00000) (1024K)]
  0x000001c17e1a0800 WorkerThread "GC Thread#9"                     [id=22772, stack(0x0000001cd9c00000,0x0000001cd9d00000) (1024K)]
  0x000001c15487e6f0 ConcurrentGCThread "G1 Main Marker"            [id=8784, stack(0x0000001cd7b00000,0x0000001cd7c00000) (1024K)]
  0x000001c154880070 WorkerThread "G1 Conc#0"                       [id=25792, stack(0x0000001cd7c00000,0x0000001cd7d00000) (1024K)]
  0x000001c1548ce5d0 ConcurrentGCThread "G1 Refine#0"               [id=21788, stack(0x0000001cd7d00000,0x0000001cd7e00000) (1024K)]
  0x000001c1736c4290 ConcurrentGCThread "G1 Service"                [id=24068, stack(0x0000001cd7e00000,0x0000001cd7f00000) (1024K)]
Total: 16

Threads with active compile tasks:
Total: 0

VM state: not at safepoint (normal execution)

VM Mutex/Monitor currently owned by a thread: None

Heap address: 0x0000000703600000, size: 4042 MB, Compressed Oops mode: Zero based, Oop shift amount: 3

CDS archive(s) mapped at: [0x000001c100000000-0x000001c100c90000-0x000001c100c90000), size 13172736, SharedBaseAddress: 0x000001c100000000, ArchiveRelocationMode: 1.
Compressed class space mapped at: 0x000001c101000000-0x000001c141000000, reserved size: 1073741824
Narrow klass base: 0x000001c100000000, Narrow klass shift: 0, Narrow klass range: 0x100000000

GC Precious Log:
 CardTable entry size: 512
 Card Set container configuration: InlinePtr #cards 4 size 8 Array Of Cards #cards 16 size 48 Howl #buckets 8 coarsen threshold 3686 Howl Bitmap #cards 512 size 80 coarsen threshold 460 Card regions per heap region 1 cards per card region 4096
 CPUs: 12 total, 12 available
 Memory: 16163M
 Large Page Support: Disabled
 NUMA Support: Disabled
 Compressed Oops: Enabled (Zero based)
 Heap Region Size: 2M
 Heap Min Capacity: 8M
 Heap Initial Capacity: 254M
 Heap Max Capacity: 4042M
 Pre-touch: Disabled
 Parallel Workers: 10
 Concurrent Workers: 3
 Concurrent Refinement Workers: 10
 Periodic GC: Disabled

Heap:
 garbage-first heap   total 260096K, used 32896K [0x0000000703600000, 0x0000000800000000)
  region size 2048K, 16 young (32768K), 2 survivors (4096K)
 Metaspace       used 17597K, committed 17920K, reserved 1114112K
  class space    used 2435K, committed 2560K, reserved 1048576K

Heap Regions: E=young(eden), S=young(survivor), O=old, HS=humongous(starts), HC=humongous(continues), CS=collection set, F=free, TAMS=top-at-mark-start, PB=parsable bottom
|   0|0x0000000703600000, 0x0000000703620078, 0x0000000703800000|  6%| O|  |TAMS 0x0000000703600000| PB 0x0000000703600000| Untracked 
|   1|0x0000000703800000, 0x0000000703a00000, 0x0000000703a00000|100%|HS|  |TAMS 0x0000000703800000| PB 0x0000000703800000| Complete 
|   2|0x0000000703a00000, 0x0000000703a00000, 0x0000000703c00000|  0%| F|  |TAMS 0x0000000703a00000| PB 0x0000000703a00000| Untracked 
|   3|0x0000000703c00000, 0x0000000703c00000, 0x0000000703e00000|  0%| F|  |TAMS 0x0000000703c00000| PB 0x0000000703c00000| Untracked 
|   4|0x0000000703e00000, 0x0000000703e00000, 0x0000000704000000|  0%| F|  |TAMS 0x0000000703e00000| PB 0x0000000703e00000| Untracked 
|   5|0x0000000704000000, 0x0000000704000000, 0x0000000704200000|  0%| F|  |TAMS 0x0000000704000000| PB 0x0000000704000000| Untracked 
|   6|0x0000000704200000, 0x0000000704200000, 0x0000000704400000|  0%| F|  |TAMS 0x0000000704200000| PB 0x0000000704200000| Untracked 
|   7|0x0000000704400000, 0x0000000704400000, 0x0000000704600000|  0%| F|  |TAMS 0x0000000704400000| PB 0x0000000704400000| Untracked 
|   8|0x0000000704600000, 0x0000000704600000, 0x0000000704800000|  0%| F|  |TAMS 0x0000000704600000| PB 0x0000000704600000| Untracked 
|   9|0x0000000704800000, 0x0000000704800000, 0x0000000704a00000|  0%| F|  |TAMS 0x0000000704800000| PB 0x0000000704800000| Untracked 
|  10|0x0000000704a00000, 0x0000000704a00000, 0x0000000704c00000|  0%| F|  |TAMS 0x0000000704a00000| PB 0x0000000704a00000| Untracked 
|  11|0x0000000704c00000, 0x0000000704c00000, 0x0000000704e00000|  0%| F|  |TAMS 0x0000000704c00000| PB 0x0000000704c00000| Untracked 
|  12|0x0000000704e00000, 0x0000000704e00000, 0x0000000705000000|  0%| F|  |TAMS 0x0000000704e00000| PB 0x0000000704e00000| Untracked 
|  13|0x0000000705000000, 0x0000000705000000, 0x0000000705200000|  0%| F|  |TAMS 0x0000000705000000| PB 0x0000000705000000| Untracked 
|  14|0x0000000705200000, 0x0000000705200000, 0x0000000705400000|  0%| F|  |TAMS 0x0000000705200000| PB 0x0000000705200000| Untracked 
|  15|0x0000000705400000, 0x0000000705400000, 0x0000000705600000|  0%| F|  |TAMS 0x0000000705400000| PB 0x0000000705400000| Untracked 
|  16|0x0000000705600000, 0x0000000705600000, 0x0000000705800000|  0%| F|  |TAMS 0x0000000705600000| PB 0x0000000705600000| Untracked 
|  17|0x0000000705800000, 0x0000000705800000, 0x0000000705a00000|  0%| F|  |TAMS 0x0000000705800000| PB 0x0000000705800000| Untracked 
|  18|0x0000000705a00000, 0x0000000705a00000, 0x0000000705c00000|  0%| F|  |TAMS 0x0000000705a00000| PB 0x0000000705a00000| Untracked 
|  19|0x0000000705c00000, 0x0000000705c00000, 0x0000000705e00000|  0%| F|  |TAMS 0x0000000705c00000| PB 0x0000000705c00000| Untracked 
|  20|0x0000000705e00000, 0x0000000705e00000, 0x0000000706000000|  0%| F|  |TAMS 0x0000000705e00000| PB 0x0000000705e00000| Untracked 
|  21|0x0000000706000000, 0x0000000706000000, 0x0000000706200000|  0%| F|  |TAMS 0x0000000706000000| PB 0x0000000706000000| Untracked 
|  22|0x0000000706200000, 0x0000000706200000, 0x0000000706400000|  0%| F|  |TAMS 0x0000000706200000| PB 0x0000000706200000| Untracked 
|  23|0x0000000706400000, 0x0000000706400000, 0x0000000706600000|  0%| F|  |TAMS 0x0000000706400000| PB 0x0000000706400000| Untracked 
|  24|0x0000000706600000, 0x0000000706600000, 0x0000000706800000|  0%| F|  |TAMS 0x0000000706600000| PB 0x0000000706600000| Untracked 
|  25|0x0000000706800000, 0x0000000706800000, 0x0000000706a00000|  0%| F|  |TAMS 0x0000000706800000| PB 0x0000000706800000| Untracked 
|  26|0x0000000706a00000, 0x0000000706a00000, 0x0000000706c00000|  0%| F|  |TAMS 0x0000000706a00000| PB 0x0000000706a00000| Untracked 
|  27|0x0000000706c00000, 0x0000000706c00000, 0x0000000706e00000|  0%| F|  |TAMS 0x0000000706c00000| PB 0x0000000706c00000| Untracked 
|  28|0x0000000706e00000, 0x0000000706e00000, 0x0000000707000000|  0%| F|  |TAMS 0x0000000706e00000| PB 0x0000000706e00000| Untracked 
|  29|0x0000000707000000, 0x0000000707000000, 0x0000000707200000|  0%| F|  |TAMS 0x0000000707000000| PB 0x0000000707000000| Untracked 
|  30|0x0000000707200000, 0x0000000707200000, 0x0000000707400000|  0%| F|  |TAMS 0x0000000707200000| PB 0x0000000707200000| Untracked 
|  31|0x0000000707400000, 0x0000000707400000, 0x0000000707600000|  0%| F|  |TAMS 0x0000000707400000| PB 0x0000000707400000| Untracked 
|  32|0x0000000707600000, 0x0000000707600000, 0x0000000707800000|  0%| F|  |TAMS 0x0000000707600000| PB 0x0000000707600000| Untracked 
|  33|0x0000000707800000, 0x0000000707800000, 0x0000000707a00000|  0%| F|  |TAMS 0x0000000707800000| PB 0x0000000707800000| Untracked 
|  34|0x0000000707a00000, 0x0000000707a00000, 0x0000000707c00000|  0%| F|  |TAMS 0x0000000707a00000| PB 0x0000000707a00000| Untracked 
|  35|0x0000000707c00000, 0x0000000707c00000, 0x0000000707e00000|  0%| F|  |TAMS 0x0000000707c00000| PB 0x0000000707c00000| Untracked 
|  36|0x0000000707e00000, 0x0000000707e00000, 0x0000000708000000|  0%| F|  |TAMS 0x0000000707e00000| PB 0x0000000707e00000| Untracked 
|  37|0x0000000708000000, 0x0000000708000000, 0x0000000708200000|  0%| F|  |TAMS 0x0000000708000000| PB 0x0000000708000000| Untracked 
|  38|0x0000000708200000, 0x0000000708200000, 0x0000000708400000|  0%| F|  |TAMS 0x0000000708200000| PB 0x0000000708200000| Untracked 
|  39|0x0000000708400000, 0x0000000708400000, 0x0000000708600000|  0%| F|  |TAMS 0x0000000708400000| PB 0x0000000708400000| Untracked 
|  40|0x0000000708600000, 0x0000000708600000, 0x0000000708800000|  0%| F|  |TAMS 0x0000000708600000| PB 0x0000000708600000| Untracked 
|  41|0x0000000708800000, 0x0000000708800000, 0x0000000708a00000|  0%| F|  |TAMS 0x0000000708800000| PB 0x0000000708800000| Untracked 
|  42|0x0000000708a00000, 0x0000000708a00000, 0x0000000708c00000|  0%| F|  |TAMS 0x0000000708a00000| PB 0x0000000708a00000| Untracked 
|  43|0x0000000708c00000, 0x0000000708c00000, 0x0000000708e00000|  0%| F|  |TAMS 0x0000000708c00000| PB 0x0000000708c00000| Untracked 
|  44|0x0000000708e00000, 0x0000000708e00000, 0x0000000709000000|  0%| F|  |TAMS 0x0000000708e00000| PB 0x0000000708e00000| Untracked 
|  45|0x0000000709000000, 0x0000000709000000, 0x0000000709200000|  0%| F|  |TAMS 0x0000000709000000| PB 0x0000000709000000| Untracked 
|  46|0x0000000709200000, 0x0000000709200000, 0x0000000709400000|  0%| F|  |TAMS 0x0000000709200000| PB 0x0000000709200000| Untracked 
|  47|0x0000000709400000, 0x0000000709400000, 0x0000000709600000|  0%| F|  |TAMS 0x0000000709400000| PB 0x0000000709400000| Untracked 
|  48|0x0000000709600000, 0x0000000709600000, 0x0000000709800000|  0%| F|  |TAMS 0x0000000709600000| PB 0x0000000709600000| Untracked 
|  49|0x0000000709800000, 0x0000000709800000, 0x0000000709a00000|  0%| F|  |TAMS 0x0000000709800000| PB 0x0000000709800000| Untracked 
|  50|0x0000000709a00000, 0x0000000709a00000, 0x0000000709c00000|  0%| F|  |TAMS 0x0000000709a00000| PB 0x0000000709a00000| Untracked 
|  51|0x0000000709c00000, 0x0000000709c00000, 0x0000000709e00000|  0%| F|  |TAMS 0x0000000709c00000| PB 0x0000000709c00000| Untracked 
|  52|0x0000000709e00000, 0x0000000709e00000, 0x000000070a000000|  0%| F|  |TAMS 0x0000000709e00000| PB 0x0000000709e00000| Untracked 
|  53|0x000000070a000000, 0x000000070a000000, 0x000000070a200000|  0%| F|  |TAMS 0x000000070a000000| PB 0x000000070a000000| Untracked 
|  54|0x000000070a200000, 0x000000070a200000, 0x000000070a400000|  0%| F|  |TAMS 0x000000070a200000| PB 0x000000070a200000| Untracked 
|  55|0x000000070a400000, 0x000000070a400000, 0x000000070a600000|  0%| F|  |TAMS 0x000000070a400000| PB 0x000000070a400000| Untracked 
|  56|0x000000070a600000, 0x000000070a600000, 0x000000070a800000|  0%| F|  |TAMS 0x000000070a600000| PB 0x000000070a600000| Untracked 
|  57|0x000000070a800000, 0x000000070a800000, 0x000000070aa00000|  0%| F|  |TAMS 0x000000070a800000| PB 0x000000070a800000| Untracked 
|  58|0x000000070aa00000, 0x000000070aa00000, 0x000000070ac00000|  0%| F|  |TAMS 0x000000070aa00000| PB 0x000000070aa00000| Untracked 
|  59|0x000000070ac00000, 0x000000070ac00000, 0x000000070ae00000|  0%| F|  |TAMS 0x000000070ac00000| PB 0x000000070ac00000| Untracked 
|  60|0x000000070ae00000, 0x000000070ae00000, 0x000000070b000000|  0%| F|  |TAMS 0x000000070ae00000| PB 0x000000070ae00000| Untracked 
|  61|0x000000070b000000, 0x000000070b000000, 0x000000070b200000|  0%| F|  |TAMS 0x000000070b000000| PB 0x000000070b000000| Untracked 
|  62|0x000000070b200000, 0x000000070b200000, 0x000000070b400000|  0%| F|  |TAMS 0x000000070b200000| PB 0x000000070b200000| Untracked 
|  63|0x000000070b400000, 0x000000070b400000, 0x000000070b600000|  0%| F|  |TAMS 0x000000070b400000| PB 0x000000070b400000| Untracked 
|  64|0x000000070b600000, 0x000000070b600000, 0x000000070b800000|  0%| F|  |TAMS 0x000000070b600000| PB 0x000000070b600000| Untracked 
|  65|0x000000070b800000, 0x000000070b800000, 0x000000070ba00000|  0%| F|  |TAMS 0x000000070b800000| PB 0x000000070b800000| Untracked 
|  66|0x000000070ba00000, 0x000000070ba00000, 0x000000070bc00000|  0%| F|  |TAMS 0x000000070ba00000| PB 0x000000070ba00000| Untracked 
|  67|0x000000070bc00000, 0x000000070bc00000, 0x000000070be00000|  0%| F|  |TAMS 0x000000070bc00000| PB 0x000000070bc00000| Untracked 
|  68|0x000000070be00000, 0x000000070be00000, 0x000000070c000000|  0%| F|  |TAMS 0x000000070be00000| PB 0x000000070be00000| Untracked 
|  69|0x000000070c000000, 0x000000070c000000, 0x000000070c200000|  0%| F|  |TAMS 0x000000070c000000| PB 0x000000070c000000| Untracked 
|  70|0x000000070c200000, 0x000000070c200000, 0x000000070c400000|  0%| F|  |TAMS 0x000000070c200000| PB 0x000000070c200000| Untracked 
|  71|0x000000070c400000, 0x000000070c400000, 0x000000070c600000|  0%| F|  |TAMS 0x000000070c400000| PB 0x000000070c400000| Untracked 
|  72|0x000000070c600000, 0x000000070c600000, 0x000000070c800000|  0%| F|  |TAMS 0x000000070c600000| PB 0x000000070c600000| Untracked 
|  73|0x000000070c800000, 0x000000070c800000, 0x000000070ca00000|  0%| F|  |TAMS 0x000000070c800000| PB 0x000000070c800000| Untracked 
|  74|0x000000070ca00000, 0x000000070ca00000, 0x000000070cc00000|  0%| F|  |TAMS 0x000000070ca00000| PB 0x000000070ca00000| Untracked 
|  75|0x000000070cc00000, 0x000000070cc00000, 0x000000070ce00000|  0%| F|  |TAMS 0x000000070cc00000| PB 0x000000070cc00000| Untracked 
|  76|0x000000070ce00000, 0x000000070ce00000, 0x000000070d000000|  0%| F|  |TAMS 0x000000070ce00000| PB 0x000000070ce00000| Untracked 
|  77|0x000000070d000000, 0x000000070d000000, 0x000000070d200000|  0%| F|  |TAMS 0x000000070d000000| PB 0x000000070d000000| Untracked 
|  78|0x000000070d200000, 0x000000070d200000, 0x000000070d400000|  0%| F|  |TAMS 0x000000070d200000| PB 0x000000070d200000| Untracked 
|  79|0x000000070d400000, 0x000000070d400000, 0x000000070d600000|  0%| F|  |TAMS 0x000000070d400000| PB 0x000000070d400000| Untracked 
|  80|0x000000070d600000, 0x000000070d600000, 0x000000070d800000|  0%| F|  |TAMS 0x000000070d600000| PB 0x000000070d600000| Untracked 
|  81|0x000000070d800000, 0x000000070d800000, 0x000000070da00000|  0%| F|  |TAMS 0x000000070d800000| PB 0x000000070d800000| Untracked 
|  82|0x000000070da00000, 0x000000070da00000, 0x000000070dc00000|  0%| F|  |TAMS 0x000000070da00000| PB 0x000000070da00000| Untracked 
|  83|0x000000070dc00000, 0x000000070dc00000, 0x000000070de00000|  0%| F|  |TAMS 0x000000070dc00000| PB 0x000000070dc00000| Untracked 
|  84|0x000000070de00000, 0x000000070de00000, 0x000000070e000000|  0%| F|  |TAMS 0x000000070de00000| PB 0x000000070de00000| Untracked 
|  85|0x000000070e000000, 0x000000070e000000, 0x000000070e200000|  0%| F|  |TAMS 0x000000070e000000| PB 0x000000070e000000| Untracked 
|  86|0x000000070e200000, 0x000000070e200000, 0x000000070e400000|  0%| F|  |TAMS 0x000000070e200000| PB 0x000000070e200000| Untracked 
|  87|0x000000070e400000, 0x000000070e400000, 0x000000070e600000|  0%| F|  |TAMS 0x000000070e400000| PB 0x000000070e400000| Untracked 
|  88|0x000000070e600000, 0x000000070e600000, 0x000000070e800000|  0%| F|  |TAMS 0x000000070e600000| PB 0x000000070e600000| Untracked 
|  89|0x000000070e800000, 0x000000070e800000, 0x000000070ea00000|  0%| F|  |TAMS 0x000000070e800000| PB 0x000000070e800000| Untracked 
|  90|0x000000070ea00000, 0x000000070ea00000, 0x000000070ec00000|  0%| F|  |TAMS 0x000000070ea00000| PB 0x000000070ea00000| Untracked 
|  91|0x000000070ec00000, 0x000000070ec00000, 0x000000070ee00000|  0%| F|  |TAMS 0x000000070ec00000| PB 0x000000070ec00000| Untracked 
|  92|0x000000070ee00000, 0x000000070ee00000, 0x000000070f000000|  0%| F|  |TAMS 0x000000070ee00000| PB 0x000000070ee00000| Untracked 
|  93|0x000000070f000000, 0x000000070f000000, 0x000000070f200000|  0%| F|  |TAMS 0x000000070f000000| PB 0x000000070f000000| Untracked 
|  94|0x000000070f200000, 0x000000070f200000, 0x000000070f400000|  0%| F|  |TAMS 0x000000070f200000| PB 0x000000070f200000| Untracked 
|  95|0x000000070f400000, 0x000000070f400000, 0x000000070f600000|  0%| F|  |TAMS 0x000000070f400000| PB 0x000000070f400000| Untracked 
|  96|0x000000070f600000, 0x000000070f600000, 0x000000070f800000|  0%| F|  |TAMS 0x000000070f600000| PB 0x000000070f600000| Untracked 
|  97|0x000000070f800000, 0x000000070f800000, 0x000000070fa00000|  0%| F|  |TAMS 0x000000070f800000| PB 0x000000070f800000| Untracked 
|  98|0x000000070fa00000, 0x000000070fa00000, 0x000000070fc00000|  0%| F|  |TAMS 0x000000070fa00000| PB 0x000000070fa00000| Untracked 
|  99|0x000000070fc00000, 0x000000070fc00000, 0x000000070fe00000|  0%| F|  |TAMS 0x000000070fc00000| PB 0x000000070fc00000| Untracked 
| 100|0x000000070fe00000, 0x000000070fe00000, 0x0000000710000000|  0%| F|  |TAMS 0x000000070fe00000| PB 0x000000070fe00000| Untracked 
| 101|0x0000000710000000, 0x0000000710000000, 0x0000000710200000|  0%| F|  |TAMS 0x0000000710000000| PB 0x0000000710000000| Untracked 
| 102|0x0000000710200000, 0x0000000710200000, 0x0000000710400000|  0%| F|  |TAMS 0x0000000710200000| PB 0x0000000710200000| Untracked 
| 103|0x0000000710400000, 0x0000000710400000, 0x0000000710600000|  0%| F|  |TAMS 0x0000000710400000| PB 0x0000000710400000| Untracked 
| 104|0x0000000710600000, 0x0000000710600000, 0x0000000710800000|  0%| F|  |TAMS 0x0000000710600000| PB 0x0000000710600000| Untracked 
| 105|0x0000000710800000, 0x0000000710800000, 0x0000000710a00000|  0%| F|  |TAMS 0x0000000710800000| PB 0x0000000710800000| Untracked 
| 106|0x0000000710a00000, 0x0000000710a00000, 0x0000000710c00000|  0%| F|  |TAMS 0x0000000710a00000| PB 0x0000000710a00000| Untracked 
| 107|0x0000000710c00000, 0x0000000710c00000, 0x0000000710e00000|  0%| F|  |TAMS 0x0000000710c00000| PB 0x0000000710c00000| Untracked 
| 108|0x0000000710e00000, 0x0000000710e00000, 0x0000000711000000|  0%| F|  |TAMS 0x0000000710e00000| PB 0x0000000710e00000| Untracked 
| 109|0x0000000711000000, 0x0000000711000000, 0x0000000711200000|  0%| F|  |TAMS 0x0000000711000000| PB 0x0000000711000000| Untracked 
| 110|0x0000000711200000, 0x0000000711200000, 0x0000000711400000|  0%| F|  |TAMS 0x0000000711200000| PB 0x0000000711200000| Untracked 
| 111|0x0000000711400000, 0x000000071152f260, 0x0000000711600000| 59%| E|  |TAMS 0x0000000711400000| PB 0x0000000711400000| Complete 
| 112|0x0000000711600000, 0x0000000711800000, 0x0000000711800000|100%| E|CS|TAMS 0x0000000711600000| PB 0x0000000711600000| Complete 
| 113|0x0000000711800000, 0x0000000711a00000, 0x0000000711a00000|100%| E|CS|TAMS 0x0000000711800000| PB 0x0000000711800000| Complete 
| 114|0x0000000711a00000, 0x0000000711c00000, 0x0000000711c00000|100%| S|CS|TAMS 0x0000000711a00000| PB 0x0000000711a00000| Complete 
| 115|0x0000000711c00000, 0x0000000711e00000, 0x0000000711e00000|100%| S|CS|TAMS 0x0000000711c00000| PB 0x0000000711c00000| Complete 
| 116|0x0000000711e00000, 0x0000000712000000, 0x0000000712000000|100%| E|CS|TAMS 0x0000000711e00000| PB 0x0000000711e00000| Complete 
| 117|0x0000000712000000, 0x0000000712200000, 0x0000000712200000|100%| E|CS|TAMS 0x0000000712000000| PB 0x0000000712000000| Complete 
| 118|0x0000000712200000, 0x0000000712400000, 0x0000000712400000|100%| E|CS|TAMS 0x0000000712200000| PB 0x0000000712200000| Complete 
| 119|0x0000000712400000, 0x0000000712600000, 0x0000000712600000|100%| E|CS|TAMS 0x0000000712400000| PB 0x0000000712400000| Complete 
| 120|0x0000000712600000, 0x0000000712800000, 0x0000000712800000|100%| E|CS|TAMS 0x0000000712600000| PB 0x0000000712600000| Complete 
| 121|0x0000000712800000, 0x0000000712a00000, 0x0000000712a00000|100%| E|CS|TAMS 0x0000000712800000| PB 0x0000000712800000| Complete 
| 122|0x0000000712a00000, 0x0000000712c00000, 0x0000000712c00000|100%| E|CS|TAMS 0x0000000712a00000| PB 0x0000000712a00000| Complete 
| 123|0x0000000712c00000, 0x0000000712e00000, 0x0000000712e00000|100%| E|CS|TAMS 0x0000000712c00000| PB 0x0000000712c00000| Complete 
| 124|0x0000000712e00000, 0x0000000713000000, 0x0000000713000000|100%| E|CS|TAMS 0x0000000712e00000| PB 0x0000000712e00000| Complete 
| 125|0x0000000713000000, 0x0000000713200000, 0x0000000713200000|100%| E|CS|TAMS 0x0000000713000000| PB 0x0000000713000000| Complete 
| 126|0x0000000713200000, 0x0000000713400000, 0x0000000713400000|100%| E|CS|TAMS 0x0000000713200000| PB 0x0000000713200000| Complete 

Card table byte_map: [0x000001c16c9d0000,0x000001c16d1c0000] _byte_map_base: 0x000001c1691b5000

Marking Bits: (CMBitMap*) 0x000001c15486e180
 Bits: [0x000001c16d1c0000, 0x000001c1710e8000)

Polling page: 0x000001c152730000

Metaspace:

Usage:
  Non-class:     14.81 MB used.
      Class:      2.38 MB used.
       Both:     17.19 MB used.

Virtual space:
  Non-class space:       64.00 MB reserved,      15.00 MB ( 23%) committed,  1 nodes.
      Class space:        1.00 GB reserved,       2.50 MB ( <1%) committed,  1 nodes.
             Both:        1.06 GB reserved,      17.50 MB (  2%) committed. 

Chunk freelists:
   Non-Class:  912.00 KB
       Class:  13.31 MB
        Both:  14.20 MB

MaxMetaspaceSize: unlimited
CompressedClassSpaceSize: 1.00 GB
Initial GC threshold: 21.00 MB
Current GC threshold: 21.00 MB
CDS: on
 - commit_granule_bytes: 65536.
 - commit_granule_words: 8192.
 - virtual_space_node_default_size: 8388608.
 - enlarge_chunks_in_place: 1.
 - use_allocation_guard: 0.


Internal statistics:

num_allocs_failed_limit: 0.
num_arena_births: 342.
num_arena_deaths: 0.
num_vsnodes_births: 2.
num_vsnodes_deaths: 0.
num_space_committed: 280.
num_space_uncommitted: 0.
num_chunks_returned_to_freelist: 0.
num_chunks_taken_from_freelist: 882.
num_chunk_merges: 0.
num_chunk_splits: 601.
num_chunks_enlarged: 437.
num_inconsistent_stats: 0.

CodeHeap 'non-profiled nmethods': size=120000Kb used=955Kb max_used=955Kb free=119045Kb
 bounds [0x000001c164760000, 0x000001c1649d0000, 0x000001c16bc90000]
CodeHeap 'profiled nmethods': size=120000Kb used=4278Kb max_used=4278Kb free=115721Kb
 bounds [0x000001c15cc90000, 0x000001c15d0c0000, 0x000001c1641c0000]
CodeHeap 'non-nmethods': size=5760Kb used=2056Kb max_used=2084Kb free=3703Kb
 bounds [0x000001c1641c0000, 0x000001c164430000, 0x000001c164760000]
 total_blobs=3241 nmethods=2414 adapters=731
 compilation: enabled
              stopped_count=0, restarted_count=0
 full_count=0

Compilation events (20 events):
Event: 126.179 Thread 0x000001c17383ce00 nmethod 2404 0x000001c15d0b8610 code [0x000001c15d0b87a0, 0x000001c15d0b88f8]
Event: 126.179 Thread 0x000001c17383ce00 2405       1       java.nio.Buffer::capacity (5 bytes)
Event: 126.179 Thread 0x000001c17383ce00 nmethod 2405 0x000001c16484de90 code [0x000001c16484e020, 0x000001c16484e0e8]
Event: 126.228 Thread 0x000001c17383ce00 2406       3       java.nio.ByteBuffer::arrayOffset (35 bytes)
Event: 126.228 Thread 0x000001c17383ce00 nmethod 2406 0x000001c15d0b8990 code [0x000001c15d0b8b60, 0x000001c15d0b8e40]
Event: 126.230 Thread 0x000001c17383ce00 2407       3       java.nio.ByteBuffer::position (8 bytes)
Event: 126.230 Thread 0x000001c17383ce00 nmethod 2407 0x000001c15d0b8f90 code [0x000001c15d0b9140, 0x000001c15d0b9290]
Event: 126.256 Thread 0x000001c17383ce00 2408       3       java.util.ArrayDeque::isEmpty (17 bytes)
Event: 126.257 Thread 0x000001c17383ce00 nmethod 2408 0x000001c15d0b9310 code [0x000001c15d0b94a0, 0x000001c15d0b9608]
Event: 126.321 Thread 0x000001c17383ce00 2409       3       javafx.event.Event::copyFor (45 bytes)
Event: 126.322 Thread 0x000001c17383ce00 nmethod 2409 0x000001c15d0b9690 code [0x000001c15d0b9880, 0x000001c15d0b9e08]
Event: 126.322 Thread 0x000001c17383ce00 2410   !   3       javafx.event.Event::clone (16 bytes)
Event: 126.322 Thread 0x000001c17383ce00 nmethod 2410 0x000001c15d0b9f90 code [0x000001c15d0ba140, 0x000001c15d0ba370]
Event: 126.377 Thread 0x000001c17383ce00 2411       3       com.sun.javafx.scene.EnteredExitedHandler::dispatchCapturingEvent (222 bytes)
Event: 126.377 Thread 0x000001c17383ce00 nmethod 2411 0x000001c15d0ba490 code [0x000001c15d0ba8c0, 0x000001c15d0bce58]
Event: 126.418 Thread 0x000001c17383ce00 2412       3       java.nio.charset.CoderResult::isUnderflow (13 bytes)
Event: 126.418 Thread 0x000001c17383ce00 nmethod 2412 0x000001c15d0bd690 code [0x000001c15d0bd820, 0x000001c15d0bd988]
Event: 126.418 Thread 0x000001c17383c370 2413       4       jdk.internal.misc.InternalLock::lock (8 bytes)
Event: 126.419 Thread 0x000001c17383c370 nmethod 2413 0x000001c16484e190 code [0x000001c16484e320, 0x000001c16484e560]
Event: 126.419 Thread 0x000001c17383c370 2414       4       jdk.internal.misc.InternalLock::unlock (8 bytes)

GC Heap History (2 events):
Event: 0.532 GC heap before
{Heap before GC invocations=0 (full 0):
 garbage-first heap   total 260096K, used 20480K [0x0000000703600000, 0x0000000800000000)
  region size 2048K, 11 young (22528K), 0 survivors (0K)
 Metaspace       used 7450K, committed 7680K, reserved 1114112K
  class space    used 939K, committed 1024K, reserved 1048576K
}
Event: 0.536 GC heap after
{Heap after GC invocations=1 (full 0):
 garbage-first heap   total 260096K, used 4224K [0x0000000703600000, 0x0000000800000000)
  region size 2048K, 2 young (4096K), 2 survivors (4096K)
 Metaspace       used 7450K, committed 7680K, reserved 1114112K
  class space    used 939K, committed 1024K, reserved 1048576K
}

Dll operation events (20 events):
Event: 0.252 Loaded shared library C:\Users\W.Long\.openjfx\cache\17.0.6\api-ms-win-crt-private-l1-1-0.dll
Event: 0.254 Loaded shared library C:\Users\W.Long\.openjfx\cache\17.0.6\api-ms-win-crt-process-l1-1-0.dll
Event: 0.256 Loaded shared library C:\Users\W.Long\.openjfx\cache\17.0.6\api-ms-win-crt-runtime-l1-1-0.dll
Event: 0.258 Loaded shared library C:\Users\W.Long\.openjfx\cache\17.0.6\api-ms-win-crt-stdio-l1-1-0.dll
Event: 0.260 Loaded shared library C:\Users\W.Long\.openjfx\cache\17.0.6\api-ms-win-crt-string-l1-1-0.dll
Event: 0.262 Loaded shared library C:\Users\W.Long\.openjfx\cache\17.0.6\api-ms-win-crt-time-l1-1-0.dll
Event: 0.264 Loaded shared library C:\Users\W.Long\.openjfx\cache\17.0.6\api-ms-win-crt-utility-l1-1-0.dll
Event: 0.275 Loaded shared library C:\Users\W.Long\.openjfx\cache\17.0.6\ucrtbase.dll
Event: 0.278 Loaded shared library C:\Users\W.Long\.openjfx\cache\17.0.6\vcruntime140.dll
Event: 0.280 Loaded shared library C:\Users\W.Long\.openjfx\cache\17.0.6\vcruntime140_1.dll
Event: 0.286 Loaded shared library C:\Users\W.Long\.openjfx\cache\17.0.6\msvcp140.dll
Event: 0.288 Loaded shared library C:\Users\W.Long\.openjfx\cache\17.0.6\msvcp140_1.dll
Event: 0.291 Loaded shared library C:\Users\W.Long\.openjfx\cache\17.0.6\msvcp140_2.dll
Event: 0.323 Loaded shared library C:\Users\W.Long\.openjfx\cache\17.0.6\prism_d3d.dll
Event: 0.361 Loaded shared library C:\Users\W.Long\.openjfx\cache\17.0.6\glass.dll
Event: 0.539 Loaded shared library C:\Users\W.Long\.openjfx\cache\17.0.6\javafx_font.dll
Event: 0.680 Loaded shared library C:\Program Files\Java\jdk-21\bin\extnet.dll
Event: 0.688 Loaded shared library C:\Program Files\Java\jdk-21\bin\management.dll
Event: 0.690 Loaded shared library C:\Program Files\Java\jdk-21\bin\management_ext.dll
Event: 0.730 Loaded shared library C:\Program Files\Java\jdk-21\bin\sunmscapi.dll

Deoptimization events (20 events):
Event: 0.917 Thread 0x000001c1787f2710 Uncommon trap: trap_request=0xffffffde fr.pc=0x000001c164792150 relative=0x00000000000001b0
Event: 0.917 Thread 0x000001c1787f2710 Uncommon trap: reason=class_check action=maybe_recompile pc=0x000001c164792150 method=java.lang.String.equals(Ljava/lang/Object;)Z @ 8 c2
Event: 0.917 Thread 0x000001c1787f2710 DEOPT PACKING pc=0x000001c164792150 sp=0x0000001cd8ffd510
Event: 0.917 Thread 0x000001c1787f2710 DEOPT UNPACKING pc=0x000001c164217da2 sp=0x0000001cd8ffd4a8 mode 2
Event: 0.918 Thread 0x000001c1787f2710 Uncommon trap: trap_request=0xffffffde fr.pc=0x000001c164792150 relative=0x00000000000001b0
Event: 0.918 Thread 0x000001c1787f2710 Uncommon trap: reason=class_check action=maybe_recompile pc=0x000001c164792150 method=java.lang.String.equals(Ljava/lang/Object;)Z @ 8 c2
Event: 0.918 Thread 0x000001c1787f2710 DEOPT PACKING pc=0x000001c164792150 sp=0x0000001cd8ffcfb0
Event: 0.918 Thread 0x000001c1787f2710 DEOPT UNPACKING pc=0x000001c164217da2 sp=0x0000001cd8ffcf48 mode 2
Event: 0.954 Thread 0x000001c1787f2710 DEOPT PACKING pc=0x000001c15cfa7945 sp=0x0000001cd8ff8800
Event: 0.954 Thread 0x000001c1787f2710 DEOPT UNPACKING pc=0x000001c1642188e2 sp=0x0000001cd8ff7d10 mode 0
Event: 1.093 Thread 0x000001c1786b01a0 DEOPT PACKING pc=0x000001c15cfa7966 sp=0x0000001cd8dfc980
Event: 1.093 Thread 0x000001c1786b01a0 DEOPT UNPACKING pc=0x000001c1642188e2 sp=0x0000001cd8dfbe90 mode 0
Event: 126.172 Thread 0x000001c1787f2710 Uncommon trap: trap_request=0xffffff45 fr.pc=0x000001c1647b9918 relative=0x0000000000000178
Event: 126.172 Thread 0x000001c1787f2710 Uncommon trap: reason=unstable_if action=reinterpret pc=0x000001c1647b9918 method=java.util.concurrent.locks.ReentrantLock$NonfairSync.initialTryLock()Z @ 25 c2
Event: 126.172 Thread 0x000001c1787f2710 DEOPT PACKING pc=0x000001c1647b9918 sp=0x0000001cd8ffde40
Event: 126.172 Thread 0x000001c1787f2710 DEOPT UNPACKING pc=0x000001c164217da2 sp=0x0000001cd8ffdde0 mode 2
Event: 126.172 Thread 0x000001c1787f2710 Uncommon trap: trap_request=0xffffff45 fr.pc=0x000001c1647b6b74 relative=0x00000000000000d4
Event: 126.172 Thread 0x000001c1787f2710 Uncommon trap: reason=unstable_if action=reinterpret pc=0x000001c1647b6b74 method=java.util.concurrent.locks.ReentrantLock$Sync.tryRelease(I)Z @ 26 c2
Event: 126.172 Thread 0x000001c1787f2710 DEOPT PACKING pc=0x000001c1647b6b74 sp=0x0000001cd8ffde40
Event: 126.172 Thread 0x000001c1787f2710 DEOPT UNPACKING pc=0x000001c164217da2 sp=0x0000001cd8ffdde0 mode 2

Classes loaded (20 events):
Event: 1.073 Loading class java/lang/invoke/DirectMethodHandle$StaticAccessor
Event: 1.073 Loading class java/lang/invoke/DirectMethodHandle$StaticAccessor done
Event: 1.093 Loading class java/nio/ShortBuffer
Event: 1.093 Loading class java/nio/ShortBuffer done
Event: 1.093 Loading class java/nio/FloatBuffer
Event: 1.093 Loading class java/nio/FloatBuffer done
Event: 1.093 Loading class java/nio/DoubleBuffer
Event: 1.093 Loading class java/nio/DoubleBuffer done
Event: 1.094 Loading class java/nio/DirectFloatBufferU
Event: 1.094 Loading class java/nio/DirectFloatBufferU done
Event: 1.098 Loading class java/lang/FdLibm$Atan2
Event: 1.098 Loading class java/lang/FdLibm$Atan2 done
Event: 126.171 Loading class java/util/zip/ZipException
Event: 126.171 Loading class java/util/zip/ZipException done
Event: 126.172 Loading class java/util/zip/DataFormatException
Event: 126.172 Loading class java/util/zip/DataFormatException done
Event: 126.172 Loading class java/lang/Throwable$WrappedPrintStream
Event: 126.172 Loading class java/lang/Throwable$PrintStreamOrWriter
Event: 126.173 Loading class java/lang/Throwable$PrintStreamOrWriter done
Event: 126.173 Loading class java/lang/Throwable$WrappedPrintStream done

Classes unloaded (0 events):
No events

Classes redefined (0 events):
No events

Internal exceptions (20 events):
Event: 0.658 Thread 0x000001c1787f2710 Exception <a 'java/lang/NoSuchMethodError'{0x0000000712d081d0}: 'int java.lang.invoke.DirectMethodHandle$Holder.invokeStaticInit(java.lang.Object, java.lang.Object, java.lang.Object, java.lang.Object)'> (0x0000000712d081d0) 
thrown [s\open\src\hotspot\share\interpreter\linkResolver.cpp, line 773]
Event: 0.658 Thread 0x000001c1787f2710 Exception <a 'java/lang/IncompatibleClassChangeError'{0x0000000712d10578}: Found class java.lang.Object, but interface was expected> (0x0000000712d10578) 
thrown [s\open\src\hotspot\share\interpreter\linkResolver.cpp, line 840]
Event: 0.659 Thread 0x000001c1787f2710 Exception <a 'java/lang/NoSuchMethodError'{0x0000000712d151f8}: 'int java.lang.invoke.DirectMethodHandle$Holder.invokeStaticInit(java.lang.Object, java.lang.Object)'> (0x0000000712d151f8) 
thrown [s\open\src\hotspot\share\interpreter\linkResolver.cpp, line 773]
Event: 0.706 Thread 0x000001c1787f2710 Exception <a 'java/lang/NoSuchMethodError'{0x0000000712a5b738}: 'java.lang.Object java.lang.invoke.DirectMethodHandle$Holder.invokeStaticInit(java.lang.Object, int, int, int, int)'> (0x0000000712a5b738) 
thrown [s\open\src\hotspot\share\interpreter\linkResolver.cpp, line 773]
Event: 0.720 Thread 0x000001c1787f2710 Exception <a 'java/lang/NoSuchMethodError'{0x0000000712b384a0}: 'java.lang.Object java.lang.invoke.DirectMethodHandle$Holder.invokeStaticInit(java.lang.Object, java.lang.Object, int, int, int, int)'> (0x0000000712b384a0) 
thrown [s\open\src\hotspot\share\interpreter\linkResolver.cpp, line 773]
Event: 0.726 Thread 0x000001c1787f2710 Exception <a 'java/lang/NoSuchMethodError'{0x0000000712b5a900}: 'java.lang.Object java.lang.invoke.DirectMethodHandle$Holder.invokeSpecialIFC(java.lang.Object, java.lang.Object, java.lang.Object, java.lang.Object)'> (0x0000000712b5a900) 
thrown [s\open\src\hotspot\share\interpreter\linkResolver.cpp, line 773]
Event: 0.744 Thread 0x000001c1787f2710 Exception <a 'sun/nio/fs/WindowsException'{0x0000000712833428}> (0x0000000712833428) 
thrown [s\open\src\hotspot\share\prims\jni.cpp, line 520]
Event: 0.759 Thread 0x000001c1787f2710 Exception <a 'java/lang/NoSuchMethodError'{0x00000007128e7c80}: 'int java.lang.invoke.DirectMethodHandle$Holder.invokeInterface(java.lang.Object, java.lang.Object, int)'> (0x00000007128e7c80) 
thrown [s\open\src\hotspot\share\interpreter\linkResolver.cpp, line 773]
Event: 0.759 Thread 0x000001c1787f2710 Exception <a 'java/lang/IncompatibleClassChangeError'{0x00000007128eb2b0}: Found class java.lang.Object, but interface was expected> (0x00000007128eb2b0) 
thrown [s\open\src\hotspot\share\interpreter\linkResolver.cpp, line 840]
Event: 0.786 Thread 0x000001c1787f2710 Exception <a 'java/lang/NoSuchMethodError'{0x0000000712956a78}: 'void java.lang.invoke.DirectMethodHandle$Holder.invokeVirtual(java.lang.Object, java.lang.Object)'> (0x0000000712956a78) 
thrown [s\open\src\hotspot\share\interpreter\linkResolver.cpp, line 773]
Event: 0.827 Thread 0x000001c1787f2710 Exception <a 'java/lang/NoSuchMethodError'{0x00000007127b5f48}: 'java.lang.Object java.lang.invoke.DirectMethodHandle$Holder.invokeStaticInit(java.lang.Object, java.lang.Object, java.lang.Object)'> (0x00000007127b5f48) 
thrown [s\open\src\hotspot\share\interpreter\linkResolver.cpp, line 773]
Event: 0.835 Thread 0x000001c1787f2710 Implicit null exception at 0x000001c1647ef7e6 to 0x000001c1647ef88a
Event: 0.843 Thread 0x000001c1787f2710 Implicit null exception at 0x000001c1647c23bd to 0x000001c1647c266c
Event: 0.939 Thread 0x000001c1787f2710 Exception <a 'java/lang/NoSuchMethodError'{0x000000071202cbd0}: 'java.lang.Object java.lang.invoke.DirectMethodHandle$Holder.invokeInterface(java.lang.Object, java.lang.Object, java.lang.Object)'> (0x000000071202cbd0) 
thrown [s\open\src\hotspot\share\interpreter\linkResolver.cpp, line 773]
Event: 0.939 Thread 0x000001c1787f2710 Exception <a 'java/lang/IncompatibleClassChangeError'{0x000000071202ffc8}: Found class java.lang.Object, but interface was expected> (0x000000071202ffc8) 
thrown [s\open\src\hotspot\share\interpreter\linkResolver.cpp, line 840]
Event: 1.024 Thread 0x000001c1787f2710 Exception <a 'java/lang/NoSuchMethodError'{0x0000000711913bc8}: 'int java.lang.invoke.DirectMethodHandle$Holder.invokeSpecial(java.lang.Object, java.lang.Object, int)'> (0x0000000711913bc8) 
thrown [s\open\src\hotspot\share\interpreter\linkResolver.cpp, line 773]
Event: 1.032 Thread 0x000001c1787f2710 Exception <a 'java/lang/NoSuchMethodError'{0x00000007119595b8}: 'java.lang.Object java.lang.invoke.DirectMethodHandle$Holder.newInvokeSpecial(java.lang.Object, java.lang.Object, int)'> (0x00000007119595b8) 
thrown [s\open\src\hotspot\share\interpreter\linkResolver.cpp, line 773]
Event: 126.174 Thread 0x000001c1787f2710 Exception <a 'java/lang/NoSuchMethodError'{0x00000007114ebfa8}: getInstance> (0x00000007114ebfa8) 
thrown [s\open\src\hotspot\share\prims\jni.cpp, line 1077]
Event: 126.175 Thread 0x000001c1787f2710 Exception <a 'java/lang/NoClassDefFoundError'{0x00000007114efb50}: javafx/scene/Scene$DnDGesture> (0x00000007114efb50) 
thrown [s\open\src\hotspot\share\classfile\systemDictionary.cpp, line 301]
Event: 126.230 Thread 0x000001c1787f2710 Exception <a 'java/lang/NoSuchMethodError'{0x00000007114f66e0}: setDragButton> (0x00000007114f66e0) 
thrown [s\open\src\hotspot\share\prims\jni.cpp, line 1077]

ZGC Phase Switch (0 events):
No events

VM Operations (20 events):
Event: 58.475 Executing VM operation: Cleanup
Event: 58.475 Executing VM operation: Cleanup done
Event: 59.476 Executing VM operation: Cleanup
Event: 59.476 Executing VM operation: Cleanup done
Event: 60.035 Executing VM operation: HandshakeAllThreads (HandshakeForDeflation)
Event: 60.035 Executing VM operation: HandshakeAllThreads (HandshakeForDeflation) done
Event: 60.035 Executing VM operation: RendezvousGCThreads
Event: 60.035 Executing VM operation: RendezvousGCThreads done
Event: 63.048 Executing VM operation: Cleanup
Event: 63.048 Executing VM operation: Cleanup done
Event: 81.202 Executing VM operation: Cleanup
Event: 81.202 Executing VM operation: Cleanup done
Event: 82.209 Executing VM operation: Cleanup
Event: 82.209 Executing VM operation: Cleanup done
Event: 120.186 Executing VM operation: HandshakeAllThreads (HandshakeForDeflation)
Event: 120.186 Executing VM operation: HandshakeAllThreads (HandshakeForDeflation) done
Event: 120.186 Executing VM operation: RendezvousGCThreads
Event: 120.186 Executing VM operation: RendezvousGCThreads done
Event: 126.228 Executing VM operation: Cleanup
Event: 126.228 Executing VM operation: Cleanup done

Events (20 events):
Event: 0.026 Thread 0x000001c17382a000 Thread added: 0x000001c17382a000
Event: 0.026 Thread 0x000001c17382ab40 Thread added: 0x000001c17382ab40
Event: 0.026 Thread 0x000001c17382d4e0 Thread added: 0x000001c17382d4e0
Event: 0.026 Thread 0x000001c173838660 Thread added: 0x000001c173838660
Event: 0.026 Thread 0x000001c17383c370 Thread added: 0x000001c17383c370
Event: 0.026 Thread 0x000001c17383ce00 Thread added: 0x000001c17383ce00
Event: 0.035 Thread 0x000001c178167180 Thread added: 0x000001c178167180
Event: 0.036 Thread 0x000001c1781677e0 Thread added: 0x000001c1781677e0
Event: 0.051 Thread 0x000001c1781fa820 Thread added: 0x000001c1781fa820
Event: 0.067 Thread 0x000001c1781d97d0 Thread added: 0x000001c1781d97d0
Event: 0.316 Thread 0x000001c1786b01a0 Thread added: 0x000001c1786b01a0
Event: 0.362 Thread 0x000001c1787f8230 Thread added: 0x000001c1787f8230
Event: 0.364 Thread 0x000001c1787f2710 Thread added: 0x000001c1787f2710
Event: 0.423 Thread 0x000001c178a70fa0 Thread added: 0x000001c178a70fa0
Event: 0.546 Thread 0x000001c178a69cb0 Thread added: 0x000001c178a69cb0
Event: 0.828 Thread 0x000001c17e87d560 Thread added: 0x000001c17e87d560
Event: 0.935 Thread 0x000001c17e8b10b0 Thread added: 0x000001c17e8b10b0
Event: 1.070 Thread 0x000001c17eb39950 Thread added: 0x000001c17eb39950
Event: 2.375 Thread 0x000001c178a69cb0 Thread exited: 0x000001c178a69cb0
Event: 2.393 Thread 0x000001c1781fa820 Thread exited: 0x000001c1781fa820


Dynamic libraries:
0x00007ff782200000 - 0x00007ff782210000 	C:\Program Files\Java\jdk-21\bin\java.exe
0x00007ff9d77c0000 - 0x00007ff9d7a23000 	C:\WINDOWS\SYSTEM32\ntdll.dll
0x00007ff9d66e0000 - 0x00007ff9d67a8000 	C:\WINDOWS\System32\KERNEL32.DLL
0x00007ff9d4b90000 - 0x00007ff9d4f42000 	C:\WINDOWS\System32\KERNELBASE.dll
0x00007ff9d5160000 - 0x00007ff9d52ab000 	C:\WINDOWS\System32\ucrtbase.dll
0x00007ff9d05f0000 - 0x00007ff9d0609000 	C:\Program Files\Java\jdk-21\bin\jli.dll
0x00007ff9bf5d0000 - 0x00007ff9bf5eb000 	C:\Program Files\Java\jdk-21\bin\VCRUNTIME140.dll
0x00007ff9d5cf0000 - 0x00007ff9d5da4000 	C:\WINDOWS\System32\ADVAPI32.dll
0x00007ff9d67c0000 - 0x00007ff9d6869000 	C:\WINDOWS\System32\msvcrt.dll
0x00007ff9d7650000 - 0x00007ff9d76f6000 	C:\WINDOWS\System32\sechost.dll
0x00007ff9d62b0000 - 0x00007ff9d63c6000 	C:\WINDOWS\System32\RPCRT4.dll
0x00007ff9d6a40000 - 0x00007ff9d6c08000 	C:\WINDOWS\System32\USER32.dll
0x00007ff9d52b0000 - 0x00007ff9d52d7000 	C:\WINDOWS\System32\win32u.dll
0x00007ff9ba230000 - 0x00007ff9ba4c0000 	C:\WINDOWS\WinSxS\amd64_microsoft.windows.common-controls_6595b64144ccf1df_6.0.26100.2454_none_3e0b68a2e331ad60\COMCTL32.dll
0x00007ff9d7530000 - 0x00007ff9d755a000 	C:\WINDOWS\System32\GDI32.dll
0x00007ff9d52e0000 - 0x00007ff9d540b000 	C:\WINDOWS\System32\gdi32full.dll
0x00007ff9d50b0000 - 0x00007ff9d5153000 	C:\WINDOWS\System32\msvcp_win.dll
0x00007ff9c5d50000 - 0x00007ff9c5d5b000 	C:\WINDOWS\SYSTEM32\VERSION.dll
0x00007ff9d7410000 - 0x00007ff9d743f000 	C:\WINDOWS\System32\IMM32.DLL
0x00007ff9bf280000 - 0x00007ff9bf28c000 	C:\Program Files\Java\jdk-21\bin\vcruntime140_1.dll
0x00007ff992b40000 - 0x00007ff992bce000 	C:\Program Files\Java\jdk-21\bin\msvcp140.dll
0x00007ff943140000 - 0x00007ff943e58000 	C:\Program Files\Java\jdk-21\bin\server\jvm.dll
0x00007ff9d63d0000 - 0x00007ff9d6444000 	C:\WINDOWS\System32\WS2_32.dll
0x00007ff9d3840000 - 0x00007ff9d388e000 	C:\WINDOWS\SYSTEM32\POWRPROF.dll
0x00007ff9c1780000 - 0x00007ff9c17b6000 	C:\WINDOWS\SYSTEM32\WINMM.dll
0x00007ff9d3820000 - 0x00007ff9d3834000 	C:\WINDOWS\SYSTEM32\UMPDC.dll
0x00007ff9d3ae0000 - 0x00007ff9d3afa000 	C:\WINDOWS\SYSTEM32\kernel.appcore.dll
0x00007ff9bf270000 - 0x00007ff9bf27a000 	C:\Program Files\Java\jdk-21\bin\jimage.dll
0x00007ff9c0ca0000 - 0x00007ff9c0ee1000 	C:\WINDOWS\SYSTEM32\DBGHELP.DLL
0x00007ff9d5620000 - 0x00007ff9d599e000 	C:\WINDOWS\System32\combase.dll
0x00007ff9d7330000 - 0x00007ff9d7406000 	C:\WINDOWS\System32\OLEAUT32.dll
0x00007ff993f30000 - 0x00007ff993f69000 	C:\WINDOWS\SYSTEM32\dbgcore.DLL
0x00007ff9d5010000 - 0x00007ff9d50a9000 	C:\WINDOWS\System32\bcryptPrimitives.dll
0x00007ff9bce80000 - 0x00007ff9bce9f000 	C:\Program Files\Java\jdk-21\bin\java.dll
0x00007ff9d6c10000 - 0x00007ff9d7310000 	C:\WINDOWS\System32\SHELL32.dll
0x00007ff9d2880000 - 0x00007ff9d30b1000 	C:\WINDOWS\SYSTEM32\windows.storage.dll
0x00007ff9d7450000 - 0x00007ff9d752a000 	C:\WINDOWS\System32\SHCORE.dll
0x00007ff9d5db0000 - 0x00007ff9d5e0d000 	C:\WINDOWS\System32\shlwapi.dll
0x00007ff9d4aa0000 - 0x00007ff9d4ace000 	C:\WINDOWS\SYSTEM32\profapi.dll
0x00007ff98da00000 - 0x00007ff98dad7000 	C:\Program Files\Java\jdk-21\bin\jsvml.dll
0x00007ff9bf260000 - 0x00007ff9bf270000 	C:\Program Files\Java\jdk-21\bin\net.dll
0x00007ff9ceee0000 - 0x00007ff9cf006000 	C:\WINDOWS\SYSTEM32\WINHTTP.dll
0x00007ff9d3fe0000 - 0x00007ff9d4048000 	C:\WINDOWS\system32\mswsock.dll
0x00007ff9bbe00000 - 0x00007ff9bbe16000 	C:\Program Files\Java\jdk-21\bin\nio.dll
0x00007ff992d60000 - 0x00007ff992d78000 	C:\Program Files\Java\jdk-21\bin\zip.dll
0x000001c152800000 - 0x000001c152803000 	C:\Users\W.Long\.openjfx\cache\17.0.6\api-ms-win-core-console-l1-1-0.dll
0x000001c152810000 - 0x000001c152813000 	C:\Users\W.Long\.openjfx\cache\17.0.6\api-ms-win-core-console-l1-2-0.dll
0x000001c154710000 - 0x000001c154713000 	C:\Users\W.Long\.openjfx\cache\17.0.6\api-ms-win-core-datetime-l1-1-0.dll
0x000001c154720000 - 0x000001c154723000 	C:\Users\W.Long\.openjfx\cache\17.0.6\api-ms-win-core-debug-l1-1-0.dll
0x000001c154730000 - 0x000001c154733000 	C:\Users\W.Long\.openjfx\cache\17.0.6\api-ms-win-core-errorhandling-l1-1-0.dll
0x000001c154740000 - 0x000001c154744000 	C:\Users\W.Long\.openjfx\cache\17.0.6\api-ms-win-core-file-l1-1-0.dll
0x000001c154750000 - 0x000001c154753000 	C:\Users\W.Long\.openjfx\cache\17.0.6\api-ms-win-core-file-l1-2-0.dll
0x000001c154760000 - 0x000001c154763000 	C:\Users\W.Long\.openjfx\cache\17.0.6\api-ms-win-core-file-l2-1-0.dll
0x000001c154770000 - 0x000001c154773000 	C:\Users\W.Long\.openjfx\cache\17.0.6\api-ms-win-core-handle-l1-1-0.dll
0x000001c154780000 - 0x000001c154783000 	C:\Users\W.Long\.openjfx\cache\17.0.6\api-ms-win-core-heap-l1-1-0.dll
0x000001c154790000 - 0x000001c154793000 	C:\Users\W.Long\.openjfx\cache\17.0.6\api-ms-win-core-interlocked-l1-1-0.dll
0x000001c1547a0000 - 0x000001c1547a3000 	C:\Users\W.Long\.openjfx\cache\17.0.6\api-ms-win-core-libraryloader-l1-1-0.dll
0x000001c1547b0000 - 0x000001c1547b3000 	C:\Users\W.Long\.openjfx\cache\17.0.6\api-ms-win-core-localization-l1-2-0.dll
0x000001c1547c0000 - 0x000001c1547c3000 	C:\Users\W.Long\.openjfx\cache\17.0.6\api-ms-win-core-memory-l1-1-0.dll
0x000001c173ea0000 - 0x000001c173ea3000 	C:\Users\W.Long\.openjfx\cache\17.0.6\api-ms-win-core-namedpipe-l1-1-0.dll
0x000001c173eb0000 - 0x000001c173eb3000 	C:\Users\W.Long\.openjfx\cache\17.0.6\api-ms-win-core-processenvironment-l1-1-0.dll
0x000001c173ec0000 - 0x000001c173ec3000 	C:\Users\W.Long\.openjfx\cache\17.0.6\api-ms-win-core-processthreads-l1-1-0.dll
0x000001c173ed0000 - 0x000001c173ed3000 	C:\Users\W.Long\.openjfx\cache\17.0.6\api-ms-win-core-processthreads-l1-1-1.dll
0x000001c173ee0000 - 0x000001c173ee3000 	C:\Users\W.Long\.openjfx\cache\17.0.6\api-ms-win-core-profile-l1-1-0.dll
0x000001c173ef0000 - 0x000001c173ef3000 	C:\Users\W.Long\.openjfx\cache\17.0.6\api-ms-win-core-rtlsupport-l1-1-0.dll
0x000001c173f00000 - 0x000001c173f03000 	C:\Users\W.Long\.openjfx\cache\17.0.6\api-ms-win-core-string-l1-1-0.dll
0x000001c173f10000 - 0x000001c173f13000 	C:\Users\W.Long\.openjfx\cache\17.0.6\api-ms-win-core-synch-l1-1-0.dll
0x000001c173f20000 - 0x000001c173f23000 	C:\Users\W.Long\.openjfx\cache\17.0.6\api-ms-win-core-synch-l1-2-0.dll
0x000001c173f30000 - 0x000001c173f33000 	C:\Users\W.Long\.openjfx\cache\17.0.6\api-ms-win-core-sysinfo-l1-1-0.dll
0x000001c173f40000 - 0x000001c173f43000 	C:\Users\W.Long\.openjfx\cache\17.0.6\api-ms-win-core-timezone-l1-1-0.dll
0x000001c173f50000 - 0x000001c173f53000 	C:\Users\W.Long\.openjfx\cache\17.0.6\api-ms-win-core-util-l1-1-0.dll
0x000001c173f60000 - 0x000001c173f63000 	C:\Users\W.Long\.openjfx\cache\17.0.6\api-ms-win-crt-conio-l1-1-0.dll
0x000001c173f70000 - 0x000001c173f74000 	C:\Users\W.Long\.openjfx\cache\17.0.6\api-ms-win-crt-convert-l1-1-0.dll
0x000001c173f80000 - 0x000001c173f83000 	C:\Users\W.Long\.openjfx\cache\17.0.6\api-ms-win-crt-environment-l1-1-0.dll
0x000001c173f90000 - 0x000001c173f93000 	C:\Users\W.Long\.openjfx\cache\17.0.6\api-ms-win-crt-filesystem-l1-1-0.dll
0x000001c173fa0000 - 0x000001c173fa3000 	C:\Users\W.Long\.openjfx\cache\17.0.6\api-ms-win-crt-heap-l1-1-0.dll
0x000001c173fb0000 - 0x000001c173fb3000 	C:\Users\W.Long\.openjfx\cache\17.0.6\api-ms-win-crt-locale-l1-1-0.dll
0x000001c173fc0000 - 0x000001c173fc5000 	C:\Users\W.Long\.openjfx\cache\17.0.6\api-ms-win-crt-math-l1-1-0.dll
0x000001c173fd0000 - 0x000001c173fd5000 	C:\Users\W.Long\.openjfx\cache\17.0.6\api-ms-win-crt-multibyte-l1-1-0.dll
0x000001c173fe0000 - 0x000001c173ff0000 	C:\Users\W.Long\.openjfx\cache\17.0.6\api-ms-win-crt-private-l1-1-0.dll
0x000001c173ff0000 - 0x000001c173ff3000 	C:\Users\W.Long\.openjfx\cache\17.0.6\api-ms-win-crt-process-l1-1-0.dll
0x000001c178c00000 - 0x000001c178c04000 	C:\Users\W.Long\.openjfx\cache\17.0.6\api-ms-win-crt-runtime-l1-1-0.dll
0x000001c178c10000 - 0x000001c178c14000 	C:\Users\W.Long\.openjfx\cache\17.0.6\api-ms-win-crt-stdio-l1-1-0.dll
0x000001c178c20000 - 0x000001c178c24000 	C:\Users\W.Long\.openjfx\cache\17.0.6\api-ms-win-crt-string-l1-1-0.dll
0x000001c178c30000 - 0x000001c178c33000 	C:\Users\W.Long\.openjfx\cache\17.0.6\api-ms-win-crt-time-l1-1-0.dll
0x000001c178c40000 - 0x000001c178c43000 	C:\Users\W.Long\.openjfx\cache\17.0.6\api-ms-win-crt-utility-l1-1-0.dll
0x00007ff9768f0000 - 0x00007ff9769ec000 	C:\Users\W.Long\.openjfx\cache\17.0.6\ucrtbase.dll
0x00007ff9906c0000 - 0x00007ff9906da000 	C:\Users\W.Long\.openjfx\cache\17.0.6\vcruntime140.dll
0x00007ff9bda30000 - 0x00007ff9bda3c000 	C:\Users\W.Long\.openjfx\cache\17.0.6\vcruntime140_1.dll
0x00007ff97de20000 - 0x00007ff97dead000 	C:\Users\W.Long\.openjfx\cache\17.0.6\msvcp140.dll
0x00007ff9bd610000 - 0x00007ff9bd619000 	C:\Users\W.Long\.openjfx\cache\17.0.6\msvcp140_1.dll
0x00007ff990580000 - 0x00007ff9905af000 	C:\Users\W.Long\.openjfx\cache\17.0.6\msvcp140_2.dll
0x00007ff990550000 - 0x00007ff99057a000 	C:\Users\W.Long\.openjfx\cache\17.0.6\prism_d3d.dll
0x00007ff9ba4f0000 - 0x00007ff9ba696000 	C:\WINDOWS\system32\d3d9.dll
0x00007ff9d2130000 - 0x00007ff9d215e000 	C:\WINDOWS\SYSTEM32\dwmapi.dll
0x00007ff9d21f0000 - 0x00007ff9d2237000 	C:\WINDOWS\SYSTEM32\dxcore.dll
0x00007ff9d1dd0000 - 0x00007ff9d1e7d000 	C:\WINDOWS\system32\uxtheme.dll
0x00007ff9623d0000 - 0x00007ff962572000 	C:\WINDOWS\System32\DriverStore\FileRepository\iigd_dch.inf_amd64_4ae66f8a827f1834\igdumdim64.dll
0x00007ff9d5ac0000 - 0x00007ff9d5c59000 	C:\WINDOWS\System32\ole32.dll
0x00007ff945ed0000 - 0x00007ff949ae0000 	C:\WINDOWS\System32\DriverStore\FileRepository\iigd_dch.inf_amd64_4ae66f8a827f1834\igd9dxva64.dll
0x00007ff9d5e20000 - 0x00007ff9d62a6000 	C:\WINDOWS\System32\SETUPAPI.dll
0x00007ff9d4820000 - 0x00007ff9d487f000 	C:\WINDOWS\SYSTEM32\cfgmgr32.dll
0x00007ff9c9320000 - 0x00007ff9c96e7000 	C:\WINDOWS\System32\DriverStore\FileRepository\iigd_dch.inf_amd64_4ae66f8a827f1834\igdgmm64.dll
0x00007ff9d1f40000 - 0x00007ff9d1f9c000 	C:\WINDOWS\SYSTEM32\directxdatabasehelper.dll
0x00007ff9904b0000 - 0x00007ff9904f2000 	C:\Users\W.Long\.openjfx\cache\17.0.6\glass.dll
0x00007ff9d59d0000 - 0x00007ff9d5abd000 	C:\WINDOWS\System32\COMDLG32.dll
0x00007ff9d64a0000 - 0x00007ff9d65fc000 	C:\WINDOWS\System32\MSCTF.dll
0x00007ff999bb0000 - 0x00007ff999bd7000 	C:\WINDOWS\System32\DriverStore\FileRepository\iigd_dch.inf_amd64_4ae66f8a827f1834\igdinfo64.dll
0x00007ff9c5d60000 - 0x00007ff9c9312000 	C:\WINDOWS\System32\DriverStore\FileRepository\iigd_dch.inf_amd64_4ae66f8a827f1834\igc64.dll
0x00007ff990530000 - 0x00007ff990544000 	C:\Users\W.Long\.openjfx\cache\17.0.6\javafx_font.dll
0x00007ff9cd8f0000 - 0x00007ff9cdb55000 	C:\WINDOWS\SYSTEM32\dwrite.dll
0x00007ff9d34c0000 - 0x00007ff9d35e5000 	C:\WINDOWS\SYSTEM32\DNSAPI.dll
0x00007ff9d3430000 - 0x00007ff9d3462000 	C:\WINDOWS\SYSTEM32\IPHLPAPI.DLL
0x00007ff9d67b0000 - 0x00007ff9d67ba000 	C:\WINDOWS\System32\NSI.dll
0x00007ff9cb540000 - 0x00007ff9cb54b000 	C:\Windows\System32\rasadhlp.dll
0x00007ff9cc980000 - 0x00007ff9cca05000 	C:\WINDOWS\System32\fwpuclnt.dll
0x00007ff9bcb00000 - 0x00007ff9bcb09000 	C:\Program Files\Java\jdk-21\bin\extnet.dll
0x00007ff9bc090000 - 0x00007ff9bc09a000 	C:\Program Files\Java\jdk-21\bin\management.dll
0x00007ff9bbad0000 - 0x00007ff9bbadb000 	C:\Program Files\Java\jdk-21\bin\management_ext.dll
0x00007ff9d5c60000 - 0x00007ff9d5c68000 	C:\WINDOWS\System32\PSAPI.DLL
0x00007ff9d4280000 - 0x00007ff9d429c000 	C:\WINDOWS\SYSTEM32\CRYPTSP.dll
0x00007ff9d3a40000 - 0x00007ff9d3a78000 	C:\WINDOWS\system32\rsaenh.dll
0x00007ff9d4080000 - 0x00007ff9d40ab000 	C:\WINDOWS\SYSTEM32\USERENV.dll
0x00007ff9d44c0000 - 0x00007ff9d44e6000 	C:\WINDOWS\SYSTEM32\bcrypt.dll
0x00007ff9d42a0000 - 0x00007ff9d42ac000 	C:\WINDOWS\SYSTEM32\CRYPTBASE.dll
0x00007ff9bafd0000 - 0x00007ff9bafde000 	C:\Program Files\Java\jdk-21\bin\sunmscapi.dll
0x00007ff9d54a0000 - 0x00007ff9d5616000 	C:\WINDOWS\System32\CRYPT32.dll
0x00007ff9d4480000 - 0x00007ff9d44b0000 	C:\WINDOWS\SYSTEM32\ncrypt.dll

dbghelp: loaded successfully - version: 4.0.5 - missing functions: none
symbol engine: initialized successfully - sym options: 0x614 - pdb path: .;C:\Program Files\Java\jdk-21\bin;C:\WINDOWS\SYSTEM32;C:\WINDOWS\WinSxS\amd64_microsoft.windows.common-controls_6595b64144ccf1df_6.0.26100.2454_none_3e0b68a2e331ad60;C:\Program Files\Java\jdk-21\bin\server;C:\Users\W.Long\.openjfx\cache\17.0.6;C:\WINDOWS\System32\DriverStore\FileRepository\iigd_dch.inf_amd64_4ae66f8a827f1834;C:\Program Files\Common Files\Microsoft Shared\Ink

VM Arguments:
java_command: ChatApp_DiaLog.jar
java_class_path (initial): ChatApp_DiaLog.jar
Launcher Type: SUN_STANDARD

[Global flags]
     intx CICompilerCount                          = 4                                         {product} {ergonomic}
     uint ConcGCThreads                            = 3                                         {product} {ergonomic}
     uint G1ConcRefinementThreads                  = 10                                        {product} {ergonomic}
   size_t G1HeapRegionSize                         = 2097152                                   {product} {ergonomic}
    uintx GCDrainStackTargetSize                   = 64                                        {product} {ergonomic}
   size_t InitialHeapSize                          = 266338304                                 {product} {ergonomic}
   size_t MarkStackSize                            = 4194304                                   {product} {ergonomic}
   size_t MaxHeapSize                              = 4238344192                                {product} {ergonomic}
   size_t MaxNewSize                               = 2541748224                                {product} {ergonomic}
   size_t MinHeapDeltaBytes                        = 2097152                                   {product} {ergonomic}
   size_t MinHeapSize                              = 8388608                                   {product} {ergonomic}
    uintx NonNMethodCodeHeapSize                   = 5839372                                {pd product} {ergonomic}
    uintx NonProfiledCodeHeapSize                  = 122909434                              {pd product} {ergonomic}
    uintx ProfiledCodeHeapSize                     = 122909434                              {pd product} {ergonomic}
    uintx ReservedCodeCacheSize                    = 251658240                              {pd product} {ergonomic}
     bool SegmentedCodeCache                       = true                                      {product} {ergonomic}
   size_t SoftMaxHeapSize                          = 4238344192                             {manageable} {ergonomic}
     bool UseCompressedOops                        = true                           {product lp64_product} {ergonomic}
     bool UseG1GC                                  = true                                      {product} {ergonomic}
     bool UseLargePagesIndividualAllocation        = false                                  {pd product} {ergonomic}

Logging:
Log output configuration:
 #0: stdout all=warning uptime,level,tags foldmultilines=false
 #1: stderr all=off uptime,level,tags foldmultilines=false

Environment Variables:
JAVA_HOME=C:\Program Files\Eclipse Adoptium\jdk-17.0.12.7-hotspot\
PATH=C:\Program Files\Common Files\Oracle\Java\javapath;C:\Program Files (x86)\VMware\VMware Player\bin\;C:\Program Files (x86)\Common Files\Oracle\Java\javapath;C:\Windows\system32;C:\Windows;C:\Windows\System32\Wbem;C:\Windows\System32\WindowsPowerShell\v1.0\;C:\Windows\System32\OpenSSH\;C:\Program Files (x86)\NVIDIA Corporation\PhysX\Common;C:\Program Files\NVIDIA Corporation\NVIDIA NvDLISR;C:\mingw64_730\bin;C:\WINDOWS\system32;C:\WINDOWS;C:\WINDOWS\System32\Wbem;C:\WINDOWS\System32\WindowsPowerShell\v1.0\;C:\WINDOWS\System32\OpenSSH\;C:\Program Files (x86)\Microsoft Visual Studio 14.0\Common7\IDE;C:\Users\W.Long\AppData\Local\Programs\Python\Python310;C:\Users\W.Long\AppData\Local\Programs\Python\Python310\Scripts;C:\Program Files\Git\cmd;C:\Program Files\Tesseract-OCR;C:\Program Files\Tesseract-OCR\tessdata;C:\Program Files\Tesseract-OCR\tessdata\script;C:\ProgramData\chocolatey\bin;C:\Program Files (x86)\Microsoft SQL Server\160\Tools\Binn\;C:\Program Files\Microsoft SQL Server\160\Tools\Binn\;C:\Program Files\Microsoft SQL Server\Client SDK\ODBC\170\Tools\Binn\;C:\Program Files\Microsoft SQL Server\160\DTS\Binn\;C:\Program Files (x86)\Microsoft SQL Server\160\DTS\Binn\;C:\Program Files\Azure Data Studio\bin;C:\Program Files\nodejs\;C:\Program Files\PostgreSQL\17\bin;C:\Program Files\Docker\Docker\resources\bin;C:\Program Files\mosquitto;C:\Program Files\Java\jdk-21\bin;C:\Users\W.Long\AppData\Local\Programs\Python\Python310\Scripts\;C:\Users\W.Long\AppData\Local\Programs\Python\Python310\;C:\Users\W.Long\AppData\Local\Microsoft\WindowsApps;C:\Users\W.Long\AppData\Local\Programs\Microsoft VS Code\bin;C:\Users\W.Long\AppData\Local\Programs\Python\Python310;C:\Users\W.Long\AppData\Local\Programs\Python\Python310\Scripts;C:\ProgramData\W.Long\GitHubDesktop\bin;C:\Program Files\Azure Data Studio\bin;C:\Users\W.Long\AppData\Roaming\npm;;C:\Program Files\JetBrains\IntelliJ IDEA Community Edition 2024.2.3\bin;
USERNAME=W.Long
OS=Windows_NT
PROCESSOR_IDENTIFIER=Intel64 Family 6 Model 141 Stepping 1, GenuineIntel
TMP=C:\Users\WB63F~1.LON\AppData\Local\Temp
TEMP=C:\Users\WB63F~1.LON\AppData\Local\Temp




Periodic native trim disabled

---------------  S Y S T E M  ---------------

OS:
 Windows 11 , 64 bit Build 26100 (10.0.26100.2454)
OS uptime: 2 days 4:49 hours
Hyper-V role detected

CPU: total 12 (initial active 12) (6 cores per cpu, 2 threads per core) family 6 model 141 stepping 1 microcode 0x34, cx8, cmov, fxsr, ht, mmx, 3dnowpref, sse, sse2, sse3, ssse3, sse4.1, sse4.2, popcnt, lzcnt, tsc, tscinvbit, avx, avx2, aes, erms, clmul, bmi1, bmi2, adx, avx512f, avx512dq, avx512cd, avx512bw, avx512vl, sha, fma, vzeroupper, avx512_vpopcntdq, avx512_vpclmulqdq, avx512_vaes, avx512_vnni, clflush, clflushopt, clwb, avx512_vbmi2, avx512_vbmi, hv, rdtscp, rdpid, fsrm, gfni, avx512_bitalg, f16c, cet_ibt, cet_ss, avx512_ifma
Processor Information for all 12 processors :
  Max Mhz: 2688, Current Mhz: 2688, Mhz Limit: 2688

Memory: 4k page, system-wide physical 16163M (2418M free)
TotalPageFile size 23587M (AvailPageFile size 2303M)
current process WorkingSet (physical memory assigned to process): 173M, peak: 183M
current process commit charge ("private bytes"): 428M, peak: 439M

vm_info: Java HotSpot(TM) 64-Bit Server VM (21.0.5+9-LTS-239) for windows-amd64 JRE (21.0.5+9-LTS-239), built on 2024-09-30T05:17:38Z by "mach5one" with MS VC++ 17.6 (VS2022)

END.
